<?xml version="1.0" encoding="utf-8"?><testsuites name="pytest tests"><testsuite name="pytest" errors="0" failures="5" skipped="0" tests="17" time="3.198" timestamp="2025-06-13T22:35:47.909904+03:00" hostname="asus"><testcase classname="tests.test_multimodel.test_multimodel" name="test_type_system" time="0.029" /><testcase classname="tests.test_multimodel.test_multimodel" name="test_document_store" time="0.006" /><testcase classname="tests.test_multimodel.test_multimodel" name="test_graph_store" time="0.005" /><testcase classname="tests.test_multimodel.test_multimodel" name="test_model_router" time="0.001" /><testcase classname="tests.test_multimodel.test_multimodel" name="test_unified_record_layout" time="0.001" /><testcase classname="tests.test_multimodel.test_multimodel_integration" name="test_object_relational_types_integration" time="0.008" /><testcase classname="tests.test_multimodel.test_multimodel_integration" name="test_document_store_operations_integration" time="0.004" /><testcase classname="tests.test_multimodel.test_multimodel_integration" name="test_graph_database_operations_integration" time="0.005" /><testcase classname="tests.test_multimodel.test_multimodel_integration" name="test_cross_model_operations_integration" time="0.001" /><testcase classname="tests.test_multimodel.test_multimodel_integration" name="test_performance_benchmarks_integration" time="0.100" /><testcase classname="tests.test_multimodel.test_multimodel_integration" name="test_error_handling_integration" time="0.001" /><testcase classname="tests.test_multimodel.test_multimodel_integration" name="test_concurrent_operations_integration" time="0.045" /><testcase classname="tests.test_multimodel.test_multimodel_integration" name="test_full_integration_suite" time="0.249"><failure message="assert False is True">tests/test_multimodel/test_multimodel_integration.py:1091: in test_full_integration_suite
    assert final_result is True
E   assert False is True</failure></testcase><testcase classname="tests.test_multimodel.test_multimodel_performance" name="test_document_operations_performance" time="0.001"><failure message="assert False&#10; +  where False = setup()&#10; +    where setup = &lt;tests.test_multimodel.test_multimodel_performance.MultimodelPerformanceTester object at 0x7f872f735010&gt;.setup">tests/test_multimodel/test_multimodel_performance.py:659: in test_document_operations_performance
    assert performance_tester.setup()
E   assert False
E    +  where False = setup()
E    +    where setup = &lt;tests.test_multimodel.test_multimodel_performance.MultimodelPerformanceTester object at 0x7f872f735010&gt;.setup</failure></testcase><testcase classname="tests.test_multimodel.test_multimodel_performance" name="test_graph_operations_performance" time="0.000"><failure message="assert False&#10; +  where False = setup()&#10; +    where setup = &lt;tests.test_multimodel.test_multimodel_performance.MultimodelPerformanceTester object at 0x7f872f735010&gt;.setup">tests/test_multimodel/test_multimodel_performance.py:673: in test_graph_operations_performance
    assert performance_tester.setup()
E   assert False
E    +  where False = setup()
E    +    where setup = &lt;tests.test_multimodel.test_multimodel_performance.MultimodelPerformanceTester object at 0x7f872f735010&gt;.setup</failure></testcase><testcase classname="tests.test_multimodel.test_multimodel_performance" name="test_type_operations_performance" time="0.000"><failure message="assert False&#10; +  where False = setup()&#10; +    where setup = &lt;tests.test_multimodel.test_multimodel_performance.MultimodelPerformanceTester object at 0x7f872f735010&gt;.setup">tests/test_multimodel/test_multimodel_performance.py:689: in test_type_operations_performance
    assert performance_tester.setup()
E   assert False
E    +  where False = setup()
E    +    where setup = &lt;tests.test_multimodel.test_multimodel_performance.MultimodelPerformanceTester object at 0x7f872f735010&gt;.setup</failure></testcase><testcase classname="tests.test_multimodel.test_multimodel_performance" name="test_concurrent_operations_performance" time="0.001"><failure message="assert False&#10; +  where False = setup()&#10; +    where setup = &lt;tests.test_multimodel.test_multimodel_performance.MultimodelPerformanceTester object at 0x7f872f735010&gt;.setup">tests/test_multimodel/test_multimodel_performance.py:704: in test_concurrent_operations_performance
    assert performance_tester.setup()
E   assert False
E    +  where False = setup()
E    +    where setup = &lt;tests.test_multimodel.test_multimodel_performance.MultimodelPerformanceTester object at 0x7f872f735010&gt;.setup</failure></testcase></testsuite></testsuites>